[0.156s] DEBUG:colcon:Command line arguments: ['/usr/bin/colcon', 'list', '-p', '--base-paths', '/home/marvin/ros2_ws/src/marvin_fabric/scripts', '--log-base', '/dev/null']
[0.156s] DEBUG:colcon:Parsed command line arguments: Namespace(log_base=None, log_level=None, verb_name='list', build_base='build', ignore_user_meta=False, metas=['./colcon.meta'], base_paths=['/home/marvin/ros2_ws/src/marvin_fabric/scripts', '--log-base', '/dev/null'], packages_ignore=None, packages_ignore_regex=None, paths=None, packages_up_to=None, packages_up_to_regex=None, packages_above=None, packages_above_and_dependencies=None, packages_above_depth=None, packages_select_by_dep=None, packages_skip_by_dep=None, packages_skip_up_to=None, packages_select_build_failed=False, packages_skip_build_finished=False, packages_select_test_failures=False, packages_skip_test_passed=False, packages_select=None, packages_skip=None, packages_select_regex=None, packages_skip_regex=None, packages_start=None, packages_end=None, allow_overriding=[], topological_order=False, names_only=False, paths_only=True, topological_graph=False, topological_graph_dot=False, topological_graph_density=False, topological_graph_legend=False, topological_graph_dot_cluster=False, topological_graph_dot_include_skipped=False, mixin_files=None, mixin=None, verb_parser=<colcon_mixin.mixin.mixin_argument.MixinArgumentDecorator object at 0x731b29787070>, verb_extension=<colcon_package_information.verb.list.ListVerb object at 0x731b2971bb50>, main=<bound method ListVerb.main of <colcon_package_information.verb.list.ListVerb object at 0x731b2971bb50>>, mixin_verb=('list',))
[0.221s] Level 1:colcon.colcon_core.package_discovery:discover_packages(colcon_meta) check parameters
[0.221s] Level 1:colcon.colcon_core.package_discovery:discover_packages(recursive) check parameters
[0.221s] Level 1:colcon.colcon_core.package_discovery:discover_packages(ignore) check parameters
[0.221s] Level 1:colcon.colcon_core.package_discovery:discover_packages(path) check parameters
[0.222s] Level 1:colcon.colcon_core.package_discovery:discover_packages(recursive) discover
[0.222s] INFO:colcon.colcon_core.package_discovery:Crawling recursively for packages in '/home/marvin/ros2_ws/src/marvin_fabric/scripts', '/home/marvin/ros2_ws/src/marvin_fabric/scripts/--log-base', '/dev/null'
[0.222s] Level 1:colcon.colcon_core.package_identification:_identify(/home/marvin/ros2_ws/src/marvin_fabric/scripts) by extensions ['ignore', 'ignore_ament_install']
[0.222s] Level 1:colcon.colcon_core.package_identification:_identify(/home/marvin/ros2_ws/src/marvin_fabric/scripts) by extension 'ignore'
[0.222s] Level 1:colcon.colcon_core.package_identification:_identify(/home/marvin/ros2_ws/src/marvin_fabric/scripts) by extension 'ignore_ament_install'
[0.222s] Level 1:colcon.colcon_core.package_identification:_identify(/home/marvin/ros2_ws/src/marvin_fabric/scripts) by extensions ['colcon_pkg']
[0.222s] Level 1:colcon.colcon_core.package_identification:_identify(/home/marvin/ros2_ws/src/marvin_fabric/scripts) by extension 'colcon_pkg'
[0.222s] Level 1:colcon.colcon_core.package_identification:_identify(/home/marvin/ros2_ws/src/marvin_fabric/scripts) by extensions ['colcon_meta']
[0.222s] Level 1:colcon.colcon_core.package_identification:_identify(/home/marvin/ros2_ws/src/marvin_fabric/scripts) by extension 'colcon_meta'
[0.222s] Level 1:colcon.colcon_core.package_identification:_identify(/home/marvin/ros2_ws/src/marvin_fabric/scripts) by extensions ['ros']
[0.222s] Level 1:colcon.colcon_core.package_identification:_identify(/home/marvin/ros2_ws/src/marvin_fabric/scripts) by extension 'ros'
[0.244s] Level 1:colcon.colcon_core.package_identification:_identify(/home/marvin/ros2_ws/src/marvin_fabric/scripts) by extensions ['cmake', 'python']
[0.245s] Level 1:colcon.colcon_core.package_identification:_identify(/home/marvin/ros2_ws/src/marvin_fabric/scripts) by extension 'cmake'
[0.245s] Level 1:colcon.colcon_core.package_identification:_identify(/home/marvin/ros2_ws/src/marvin_fabric/scripts) by extension 'python'
[0.245s] Level 1:colcon.colcon_core.package_identification:_identify(/home/marvin/ros2_ws/src/marvin_fabric/scripts) by extensions ['python_setup_py']
[0.245s] Level 1:colcon.colcon_core.package_identification:_identify(/home/marvin/ros2_ws/src/marvin_fabric/scripts) by extension 'python_setup_py'
[0.245s] Level 1:colcon.colcon_core.package_identification:_identify(/home/marvin/ros2_ws/src/marvin_fabric/scripts/log) by extensions ['ignore', 'ignore_ament_install']
[0.245s] Level 1:colcon.colcon_core.package_identification:_identify(/home/marvin/ros2_ws/src/marvin_fabric/scripts/log) by extension 'ignore'
[0.245s] Level 1:colcon.colcon_core.package_identification:_identify(/home/marvin/ros2_ws/src/marvin_fabric/scripts/log) ignored
[0.245s] Level 1:colcon.colcon_core.package_identification:_identify(/home/marvin/ros2_ws/src/marvin_fabric/scripts/torch_fabrics) by extensions ['ignore', 'ignore_ament_install']
[0.245s] Level 1:colcon.colcon_core.package_identification:_identify(/home/marvin/ros2_ws/src/marvin_fabric/scripts/torch_fabrics) by extension 'ignore'
[0.246s] Level 1:colcon.colcon_core.package_identification:_identify(/home/marvin/ros2_ws/src/marvin_fabric/scripts/torch_fabrics) by extension 'ignore_ament_install'
[0.246s] Level 1:colcon.colcon_core.package_identification:_identify(/home/marvin/ros2_ws/src/marvin_fabric/scripts/torch_fabrics) by extensions ['colcon_pkg']
[0.246s] Level 1:colcon.colcon_core.package_identification:_identify(/home/marvin/ros2_ws/src/marvin_fabric/scripts/torch_fabrics) by extension 'colcon_pkg'
[0.246s] Level 1:colcon.colcon_core.package_identification:_identify(/home/marvin/ros2_ws/src/marvin_fabric/scripts/torch_fabrics) by extensions ['colcon_meta']
[0.246s] Level 1:colcon.colcon_core.package_identification:_identify(/home/marvin/ros2_ws/src/marvin_fabric/scripts/torch_fabrics) by extension 'colcon_meta'
[0.246s] Level 1:colcon.colcon_core.package_identification:_identify(/home/marvin/ros2_ws/src/marvin_fabric/scripts/torch_fabrics) by extensions ['ros']
[0.246s] Level 1:colcon.colcon_core.package_identification:_identify(/home/marvin/ros2_ws/src/marvin_fabric/scripts/torch_fabrics) by extension 'ros'
[0.246s] Level 1:colcon.colcon_core.package_identification:_identify(/home/marvin/ros2_ws/src/marvin_fabric/scripts/torch_fabrics) by extensions ['cmake', 'python']
[0.246s] Level 1:colcon.colcon_core.package_identification:_identify(/home/marvin/ros2_ws/src/marvin_fabric/scripts/torch_fabrics) by extension 'cmake'
[0.246s] Level 1:colcon.colcon_core.package_identification:_identify(/home/marvin/ros2_ws/src/marvin_fabric/scripts/torch_fabrics) by extension 'python'
[0.246s] Level 1:colcon.colcon_core.package_identification:_identify(/home/marvin/ros2_ws/src/marvin_fabric/scripts/torch_fabrics) by extensions ['python_setup_py']
[0.246s] Level 1:colcon.colcon_core.package_identification:_identify(/home/marvin/ros2_ws/src/marvin_fabric/scripts/torch_fabrics) by extension 'python_setup_py'
[0.246s] Level 1:colcon.colcon_core.package_identification:_identify(/home/marvin/ros2_ws/src/marvin_fabric/scripts/torch_fabrics/__pycache__) by extensions ['ignore', 'ignore_ament_install']
[0.246s] Level 1:colcon.colcon_core.package_identification:_identify(/home/marvin/ros2_ws/src/marvin_fabric/scripts/torch_fabrics/__pycache__) by extension 'ignore'
[0.246s] Level 1:colcon.colcon_core.package_identification:_identify(/home/marvin/ros2_ws/src/marvin_fabric/scripts/torch_fabrics/__pycache__) by extension 'ignore_ament_install'
[0.247s] Level 1:colcon.colcon_core.package_identification:_identify(/home/marvin/ros2_ws/src/marvin_fabric/scripts/torch_fabrics/__pycache__) by extensions ['colcon_pkg']
[0.247s] Level 1:colcon.colcon_core.package_identification:_identify(/home/marvin/ros2_ws/src/marvin_fabric/scripts/torch_fabrics/__pycache__) by extension 'colcon_pkg'
[0.247s] Level 1:colcon.colcon_core.package_identification:_identify(/home/marvin/ros2_ws/src/marvin_fabric/scripts/torch_fabrics/__pycache__) by extensions ['colcon_meta']
[0.247s] Level 1:colcon.colcon_core.package_identification:_identify(/home/marvin/ros2_ws/src/marvin_fabric/scripts/torch_fabrics/__pycache__) by extension 'colcon_meta'
[0.247s] Level 1:colcon.colcon_core.package_identification:_identify(/home/marvin/ros2_ws/src/marvin_fabric/scripts/torch_fabrics/__pycache__) by extensions ['ros']
[0.247s] Level 1:colcon.colcon_core.package_identification:_identify(/home/marvin/ros2_ws/src/marvin_fabric/scripts/torch_fabrics/__pycache__) by extension 'ros'
[0.247s] Level 1:colcon.colcon_core.package_identification:_identify(/home/marvin/ros2_ws/src/marvin_fabric/scripts/torch_fabrics/__pycache__) by extensions ['cmake', 'python']
[0.247s] Level 1:colcon.colcon_core.package_identification:_identify(/home/marvin/ros2_ws/src/marvin_fabric/scripts/torch_fabrics/__pycache__) by extension 'cmake'
[0.247s] Level 1:colcon.colcon_core.package_identification:_identify(/home/marvin/ros2_ws/src/marvin_fabric/scripts/torch_fabrics/__pycache__) by extension 'python'
[0.247s] Level 1:colcon.colcon_core.package_identification:_identify(/home/marvin/ros2_ws/src/marvin_fabric/scripts/torch_fabrics/__pycache__) by extensions ['python_setup_py']
[0.247s] Level 1:colcon.colcon_core.package_identification:_identify(/home/marvin/ros2_ws/src/marvin_fabric/scripts/torch_fabrics/__pycache__) by extension 'python_setup_py'
[0.247s] Level 1:colcon.colcon_core.package_identification:_identify(/home/marvin/ros2_ws/src/marvin_fabric/scripts/torch_fabrics/envs) by extensions ['ignore', 'ignore_ament_install']
[0.247s] Level 1:colcon.colcon_core.package_identification:_identify(/home/marvin/ros2_ws/src/marvin_fabric/scripts/torch_fabrics/envs) by extension 'ignore'
[0.247s] Level 1:colcon.colcon_core.package_identification:_identify(/home/marvin/ros2_ws/src/marvin_fabric/scripts/torch_fabrics/envs) by extension 'ignore_ament_install'
[0.247s] Level 1:colcon.colcon_core.package_identification:_identify(/home/marvin/ros2_ws/src/marvin_fabric/scripts/torch_fabrics/envs) by extensions ['colcon_pkg']
[0.247s] Level 1:colcon.colcon_core.package_identification:_identify(/home/marvin/ros2_ws/src/marvin_fabric/scripts/torch_fabrics/envs) by extension 'colcon_pkg'
[0.247s] Level 1:colcon.colcon_core.package_identification:_identify(/home/marvin/ros2_ws/src/marvin_fabric/scripts/torch_fabrics/envs) by extensions ['colcon_meta']
[0.248s] Level 1:colcon.colcon_core.package_identification:_identify(/home/marvin/ros2_ws/src/marvin_fabric/scripts/torch_fabrics/envs) by extension 'colcon_meta'
[0.248s] Level 1:colcon.colcon_core.package_identification:_identify(/home/marvin/ros2_ws/src/marvin_fabric/scripts/torch_fabrics/envs) by extensions ['ros']
[0.248s] Level 1:colcon.colcon_core.package_identification:_identify(/home/marvin/ros2_ws/src/marvin_fabric/scripts/torch_fabrics/envs) by extension 'ros'
[0.248s] Level 1:colcon.colcon_core.package_identification:_identify(/home/marvin/ros2_ws/src/marvin_fabric/scripts/torch_fabrics/envs) by extensions ['cmake', 'python']
[0.248s] Level 1:colcon.colcon_core.package_identification:_identify(/home/marvin/ros2_ws/src/marvin_fabric/scripts/torch_fabrics/envs) by extension 'cmake'
[0.248s] Level 1:colcon.colcon_core.package_identification:_identify(/home/marvin/ros2_ws/src/marvin_fabric/scripts/torch_fabrics/envs) by extension 'python'
[0.248s] Level 1:colcon.colcon_core.package_identification:_identify(/home/marvin/ros2_ws/src/marvin_fabric/scripts/torch_fabrics/envs) by extensions ['python_setup_py']
[0.248s] Level 1:colcon.colcon_core.package_identification:_identify(/home/marvin/ros2_ws/src/marvin_fabric/scripts/torch_fabrics/envs) by extension 'python_setup_py'
[0.248s] Level 1:colcon.colcon_core.package_identification:_identify(/home/marvin/ros2_ws/src/marvin_fabric/scripts/torch_fabrics/envs/__pycache__) by extensions ['ignore', 'ignore_ament_install']
[0.248s] Level 1:colcon.colcon_core.package_identification:_identify(/home/marvin/ros2_ws/src/marvin_fabric/scripts/torch_fabrics/envs/__pycache__) by extension 'ignore'
[0.248s] Level 1:colcon.colcon_core.package_identification:_identify(/home/marvin/ros2_ws/src/marvin_fabric/scripts/torch_fabrics/envs/__pycache__) by extension 'ignore_ament_install'
[0.248s] Level 1:colcon.colcon_core.package_identification:_identify(/home/marvin/ros2_ws/src/marvin_fabric/scripts/torch_fabrics/envs/__pycache__) by extensions ['colcon_pkg']
[0.248s] Level 1:colcon.colcon_core.package_identification:_identify(/home/marvin/ros2_ws/src/marvin_fabric/scripts/torch_fabrics/envs/__pycache__) by extension 'colcon_pkg'
[0.248s] Level 1:colcon.colcon_core.package_identification:_identify(/home/marvin/ros2_ws/src/marvin_fabric/scripts/torch_fabrics/envs/__pycache__) by extensions ['colcon_meta']
[0.249s] Level 1:colcon.colcon_core.package_identification:_identify(/home/marvin/ros2_ws/src/marvin_fabric/scripts/torch_fabrics/envs/__pycache__) by extension 'colcon_meta'
[0.249s] Level 1:colcon.colcon_core.package_identification:_identify(/home/marvin/ros2_ws/src/marvin_fabric/scripts/torch_fabrics/envs/__pycache__) by extensions ['ros']
[0.249s] Level 1:colcon.colcon_core.package_identification:_identify(/home/marvin/ros2_ws/src/marvin_fabric/scripts/torch_fabrics/envs/__pycache__) by extension 'ros'
[0.249s] Level 1:colcon.colcon_core.package_identification:_identify(/home/marvin/ros2_ws/src/marvin_fabric/scripts/torch_fabrics/envs/__pycache__) by extensions ['cmake', 'python']
[0.249s] Level 1:colcon.colcon_core.package_identification:_identify(/home/marvin/ros2_ws/src/marvin_fabric/scripts/torch_fabrics/envs/__pycache__) by extension 'cmake'
[0.249s] Level 1:colcon.colcon_core.package_identification:_identify(/home/marvin/ros2_ws/src/marvin_fabric/scripts/torch_fabrics/envs/__pycache__) by extension 'python'
[0.249s] Level 1:colcon.colcon_core.package_identification:_identify(/home/marvin/ros2_ws/src/marvin_fabric/scripts/torch_fabrics/envs/__pycache__) by extensions ['python_setup_py']
[0.249s] Level 1:colcon.colcon_core.package_identification:_identify(/home/marvin/ros2_ws/src/marvin_fabric/scripts/torch_fabrics/envs/__pycache__) by extension 'python_setup_py'
[0.249s] Level 1:colcon.colcon_core.package_identification:_identify(/home/marvin/ros2_ws/src/marvin_fabric/scripts/torch_fabrics/envs/assets) by extensions ['ignore', 'ignore_ament_install']
[0.249s] Level 1:colcon.colcon_core.package_identification:_identify(/home/marvin/ros2_ws/src/marvin_fabric/scripts/torch_fabrics/envs/assets) by extension 'ignore'
[0.249s] Level 1:colcon.colcon_core.package_identification:_identify(/home/marvin/ros2_ws/src/marvin_fabric/scripts/torch_fabrics/envs/assets) by extension 'ignore_ament_install'
[0.249s] Level 1:colcon.colcon_core.package_identification:_identify(/home/marvin/ros2_ws/src/marvin_fabric/scripts/torch_fabrics/envs/assets) by extensions ['colcon_pkg']
[0.249s] Level 1:colcon.colcon_core.package_identification:_identify(/home/marvin/ros2_ws/src/marvin_fabric/scripts/torch_fabrics/envs/assets) by extension 'colcon_pkg'
[0.249s] Level 1:colcon.colcon_core.package_identification:_identify(/home/marvin/ros2_ws/src/marvin_fabric/scripts/torch_fabrics/envs/assets) by extensions ['colcon_meta']
[0.249s] Level 1:colcon.colcon_core.package_identification:_identify(/home/marvin/ros2_ws/src/marvin_fabric/scripts/torch_fabrics/envs/assets) by extension 'colcon_meta'
[0.250s] Level 1:colcon.colcon_core.package_identification:_identify(/home/marvin/ros2_ws/src/marvin_fabric/scripts/torch_fabrics/envs/assets) by extensions ['ros']
[0.250s] Level 1:colcon.colcon_core.package_identification:_identify(/home/marvin/ros2_ws/src/marvin_fabric/scripts/torch_fabrics/envs/assets) by extension 'ros'
[0.250s] Level 1:colcon.colcon_core.package_identification:_identify(/home/marvin/ros2_ws/src/marvin_fabric/scripts/torch_fabrics/envs/assets) by extensions ['cmake', 'python']
[0.250s] Level 1:colcon.colcon_core.package_identification:_identify(/home/marvin/ros2_ws/src/marvin_fabric/scripts/torch_fabrics/envs/assets) by extension 'cmake'
[0.250s] Level 1:colcon.colcon_core.package_identification:_identify(/home/marvin/ros2_ws/src/marvin_fabric/scripts/torch_fabrics/envs/assets) by extension 'python'
[0.250s] Level 1:colcon.colcon_core.package_identification:_identify(/home/marvin/ros2_ws/src/marvin_fabric/scripts/torch_fabrics/envs/assets) by extensions ['python_setup_py']
[0.250s] Level 1:colcon.colcon_core.package_identification:_identify(/home/marvin/ros2_ws/src/marvin_fabric/scripts/torch_fabrics/envs/assets) by extension 'python_setup_py'
[0.250s] Level 1:colcon.colcon_core.package_identification:_identify(/home/marvin/ros2_ws/src/marvin_fabric/scripts/torch_fabrics/envs/assets/models) by extensions ['ignore', 'ignore_ament_install']
[0.250s] Level 1:colcon.colcon_core.package_identification:_identify(/home/marvin/ros2_ws/src/marvin_fabric/scripts/torch_fabrics/envs/assets/models) by extension 'ignore'
[0.250s] Level 1:colcon.colcon_core.package_identification:_identify(/home/marvin/ros2_ws/src/marvin_fabric/scripts/torch_fabrics/envs/assets/models) by extension 'ignore_ament_install'
[0.250s] Level 1:colcon.colcon_core.package_identification:_identify(/home/marvin/ros2_ws/src/marvin_fabric/scripts/torch_fabrics/envs/assets/models) by extensions ['colcon_pkg']
[0.250s] Level 1:colcon.colcon_core.package_identification:_identify(/home/marvin/ros2_ws/src/marvin_fabric/scripts/torch_fabrics/envs/assets/models) by extension 'colcon_pkg'
[0.250s] Level 1:colcon.colcon_core.package_identification:_identify(/home/marvin/ros2_ws/src/marvin_fabric/scripts/torch_fabrics/envs/assets/models) by extensions ['colcon_meta']
[0.250s] Level 1:colcon.colcon_core.package_identification:_identify(/home/marvin/ros2_ws/src/marvin_fabric/scripts/torch_fabrics/envs/assets/models) by extension 'colcon_meta'
[0.251s] Level 1:colcon.colcon_core.package_identification:_identify(/home/marvin/ros2_ws/src/marvin_fabric/scripts/torch_fabrics/envs/assets/models) by extensions ['ros']
[0.251s] Level 1:colcon.colcon_core.package_identification:_identify(/home/marvin/ros2_ws/src/marvin_fabric/scripts/torch_fabrics/envs/assets/models) by extension 'ros'
[0.251s] Level 1:colcon.colcon_core.package_identification:_identify(/home/marvin/ros2_ws/src/marvin_fabric/scripts/torch_fabrics/envs/assets/models) by extensions ['cmake', 'python']
[0.251s] Level 1:colcon.colcon_core.package_identification:_identify(/home/marvin/ros2_ws/src/marvin_fabric/scripts/torch_fabrics/envs/assets/models) by extension 'cmake'
[0.251s] Level 1:colcon.colcon_core.package_identification:_identify(/home/marvin/ros2_ws/src/marvin_fabric/scripts/torch_fabrics/envs/assets/models) by extension 'python'
[0.251s] Level 1:colcon.colcon_core.package_identification:_identify(/home/marvin/ros2_ws/src/marvin_fabric/scripts/torch_fabrics/envs/assets/models) by extensions ['python_setup_py']
[0.251s] Level 1:colcon.colcon_core.package_identification:_identify(/home/marvin/ros2_ws/src/marvin_fabric/scripts/torch_fabrics/envs/assets/models) by extension 'python_setup_py'
[0.251s] Level 1:colcon.colcon_core.package_identification:_identify(/home/marvin/ros2_ws/src/marvin_fabric/scripts/torch_fabrics/envs/assets/models/common) by extensions ['ignore', 'ignore_ament_install']
[0.251s] Level 1:colcon.colcon_core.package_identification:_identify(/home/marvin/ros2_ws/src/marvin_fabric/scripts/torch_fabrics/envs/assets/models/common) by extension 'ignore'
[0.251s] Level 1:colcon.colcon_core.package_identification:_identify(/home/marvin/ros2_ws/src/marvin_fabric/scripts/torch_fabrics/envs/assets/models/common) by extension 'ignore_ament_install'
[0.251s] Level 1:colcon.colcon_core.package_identification:_identify(/home/marvin/ros2_ws/src/marvin_fabric/scripts/torch_fabrics/envs/assets/models/common) by extensions ['colcon_pkg']
[0.251s] Level 1:colcon.colcon_core.package_identification:_identify(/home/marvin/ros2_ws/src/marvin_fabric/scripts/torch_fabrics/envs/assets/models/common) by extension 'colcon_pkg'
[0.251s] Level 1:colcon.colcon_core.package_identification:_identify(/home/marvin/ros2_ws/src/marvin_fabric/scripts/torch_fabrics/envs/assets/models/common) by extensions ['colcon_meta']
[0.251s] Level 1:colcon.colcon_core.package_identification:_identify(/home/marvin/ros2_ws/src/marvin_fabric/scripts/torch_fabrics/envs/assets/models/common) by extension 'colcon_meta'
[0.251s] Level 1:colcon.colcon_core.package_identification:_identify(/home/marvin/ros2_ws/src/marvin_fabric/scripts/torch_fabrics/envs/assets/models/common) by extensions ['ros']
[0.251s] Level 1:colcon.colcon_core.package_identification:_identify(/home/marvin/ros2_ws/src/marvin_fabric/scripts/torch_fabrics/envs/assets/models/common) by extension 'ros'
[0.252s] Level 1:colcon.colcon_core.package_identification:_identify(/home/marvin/ros2_ws/src/marvin_fabric/scripts/torch_fabrics/envs/assets/models/common) by extensions ['cmake', 'python']
[0.252s] Level 1:colcon.colcon_core.package_identification:_identify(/home/marvin/ros2_ws/src/marvin_fabric/scripts/torch_fabrics/envs/assets/models/common) by extension 'cmake'
[0.252s] Level 1:colcon.colcon_core.package_identification:_identify(/home/marvin/ros2_ws/src/marvin_fabric/scripts/torch_fabrics/envs/assets/models/common) by extension 'python'
[0.252s] Level 1:colcon.colcon_core.package_identification:_identify(/home/marvin/ros2_ws/src/marvin_fabric/scripts/torch_fabrics/envs/assets/models/common) by extensions ['python_setup_py']
[0.252s] Level 1:colcon.colcon_core.package_identification:_identify(/home/marvin/ros2_ws/src/marvin_fabric/scripts/torch_fabrics/envs/assets/models/common) by extension 'python_setup_py'
[0.252s] Level 1:colcon.colcon_core.package_identification:_identify(/home/marvin/ros2_ws/src/marvin_fabric/scripts/torch_fabrics/envs/assets/models/panda) by extensions ['ignore', 'ignore_ament_install']
[0.252s] Level 1:colcon.colcon_core.package_identification:_identify(/home/marvin/ros2_ws/src/marvin_fabric/scripts/torch_fabrics/envs/assets/models/panda) by extension 'ignore'
[0.252s] Level 1:colcon.colcon_core.package_identification:_identify(/home/marvin/ros2_ws/src/marvin_fabric/scripts/torch_fabrics/envs/assets/models/panda) by extension 'ignore_ament_install'
[0.252s] Level 1:colcon.colcon_core.package_identification:_identify(/home/marvin/ros2_ws/src/marvin_fabric/scripts/torch_fabrics/envs/assets/models/panda) by extensions ['colcon_pkg']
[0.252s] Level 1:colcon.colcon_core.package_identification:_identify(/home/marvin/ros2_ws/src/marvin_fabric/scripts/torch_fabrics/envs/assets/models/panda) by extension 'colcon_pkg'
[0.252s] Level 1:colcon.colcon_core.package_identification:_identify(/home/marvin/ros2_ws/src/marvin_fabric/scripts/torch_fabrics/envs/assets/models/panda) by extensions ['colcon_meta']
[0.252s] Level 1:colcon.colcon_core.package_identification:_identify(/home/marvin/ros2_ws/src/marvin_fabric/scripts/torch_fabrics/envs/assets/models/panda) by extension 'colcon_meta'
[0.252s] Level 1:colcon.colcon_core.package_identification:_identify(/home/marvin/ros2_ws/src/marvin_fabric/scripts/torch_fabrics/envs/assets/models/panda) by extensions ['ros']
[0.252s] Level 1:colcon.colcon_core.package_identification:_identify(/home/marvin/ros2_ws/src/marvin_fabric/scripts/torch_fabrics/envs/assets/models/panda) by extension 'ros'
[0.253s] Level 1:colcon.colcon_core.package_identification:_identify(/home/marvin/ros2_ws/src/marvin_fabric/scripts/torch_fabrics/envs/assets/models/panda) by extensions ['cmake', 'python']
[0.253s] Level 1:colcon.colcon_core.package_identification:_identify(/home/marvin/ros2_ws/src/marvin_fabric/scripts/torch_fabrics/envs/assets/models/panda) by extension 'cmake'
[0.253s] Level 1:colcon.colcon_core.package_identification:_identify(/home/marvin/ros2_ws/src/marvin_fabric/scripts/torch_fabrics/envs/assets/models/panda) by extension 'python'
[0.253s] Level 1:colcon.colcon_core.package_identification:_identify(/home/marvin/ros2_ws/src/marvin_fabric/scripts/torch_fabrics/envs/assets/models/panda) by extensions ['python_setup_py']
[0.253s] Level 1:colcon.colcon_core.package_identification:_identify(/home/marvin/ros2_ws/src/marvin_fabric/scripts/torch_fabrics/envs/assets/models/panda) by extension 'python_setup_py'
[0.253s] Level 1:colcon.colcon_core.package_identification:_identify(/home/marvin/ros2_ws/src/marvin_fabric/scripts/torch_fabrics/envs/assets/models/panda/meshes) by extensions ['ignore', 'ignore_ament_install']
[0.253s] Level 1:colcon.colcon_core.package_identification:_identify(/home/marvin/ros2_ws/src/marvin_fabric/scripts/torch_fabrics/envs/assets/models/panda/meshes) by extension 'ignore'
[0.253s] Level 1:colcon.colcon_core.package_identification:_identify(/home/marvin/ros2_ws/src/marvin_fabric/scripts/torch_fabrics/envs/assets/models/panda/meshes) by extension 'ignore_ament_install'
[0.253s] Level 1:colcon.colcon_core.package_identification:_identify(/home/marvin/ros2_ws/src/marvin_fabric/scripts/torch_fabrics/envs/assets/models/panda/meshes) by extensions ['colcon_pkg']
[0.253s] Level 1:colcon.colcon_core.package_identification:_identify(/home/marvin/ros2_ws/src/marvin_fabric/scripts/torch_fabrics/envs/assets/models/panda/meshes) by extension 'colcon_pkg'
[0.253s] Level 1:colcon.colcon_core.package_identification:_identify(/home/marvin/ros2_ws/src/marvin_fabric/scripts/torch_fabrics/envs/assets/models/panda/meshes) by extensions ['colcon_meta']
[0.253s] Level 1:colcon.colcon_core.package_identification:_identify(/home/marvin/ros2_ws/src/marvin_fabric/scripts/torch_fabrics/envs/assets/models/panda/meshes) by extension 'colcon_meta'
[0.253s] Level 1:colcon.colcon_core.package_identification:_identify(/home/marvin/ros2_ws/src/marvin_fabric/scripts/torch_fabrics/envs/assets/models/panda/meshes) by extensions ['ros']
[0.253s] Level 1:colcon.colcon_core.package_identification:_identify(/home/marvin/ros2_ws/src/marvin_fabric/scripts/torch_fabrics/envs/assets/models/panda/meshes) by extension 'ros'
[0.253s] Level 1:colcon.colcon_core.package_identification:_identify(/home/marvin/ros2_ws/src/marvin_fabric/scripts/torch_fabrics/envs/assets/models/panda/meshes) by extensions ['cmake', 'python']
[0.254s] Level 1:colcon.colcon_core.package_identification:_identify(/home/marvin/ros2_ws/src/marvin_fabric/scripts/torch_fabrics/envs/assets/models/panda/meshes) by extension 'cmake'
[0.254s] Level 1:colcon.colcon_core.package_identification:_identify(/home/marvin/ros2_ws/src/marvin_fabric/scripts/torch_fabrics/envs/assets/models/panda/meshes) by extension 'python'
[0.254s] Level 1:colcon.colcon_core.package_identification:_identify(/home/marvin/ros2_ws/src/marvin_fabric/scripts/torch_fabrics/envs/assets/models/panda/meshes) by extensions ['python_setup_py']
[0.254s] Level 1:colcon.colcon_core.package_identification:_identify(/home/marvin/ros2_ws/src/marvin_fabric/scripts/torch_fabrics/envs/assets/models/panda/meshes) by extension 'python_setup_py'
[0.254s] Level 1:colcon.colcon_core.package_identification:_identify(/home/marvin/ros2_ws/src/marvin_fabric/scripts/torch_fabrics/envs/assets/models/panda/meshes/collision) by extensions ['ignore', 'ignore_ament_install']
[0.254s] Level 1:colcon.colcon_core.package_identification:_identify(/home/marvin/ros2_ws/src/marvin_fabric/scripts/torch_fabrics/envs/assets/models/panda/meshes/collision) by extension 'ignore'
[0.254s] Level 1:colcon.colcon_core.package_identification:_identify(/home/marvin/ros2_ws/src/marvin_fabric/scripts/torch_fabrics/envs/assets/models/panda/meshes/collision) by extension 'ignore_ament_install'
[0.254s] Level 1:colcon.colcon_core.package_identification:_identify(/home/marvin/ros2_ws/src/marvin_fabric/scripts/torch_fabrics/envs/assets/models/panda/meshes/collision) by extensions ['colcon_pkg']
[0.254s] Level 1:colcon.colcon_core.package_identification:_identify(/home/marvin/ros2_ws/src/marvin_fabric/scripts/torch_fabrics/envs/assets/models/panda/meshes/collision) by extension 'colcon_pkg'
[0.254s] Level 1:colcon.colcon_core.package_identification:_identify(/home/marvin/ros2_ws/src/marvin_fabric/scripts/torch_fabrics/envs/assets/models/panda/meshes/collision) by extensions ['colcon_meta']
[0.254s] Level 1:colcon.colcon_core.package_identification:_identify(/home/marvin/ros2_ws/src/marvin_fabric/scripts/torch_fabrics/envs/assets/models/panda/meshes/collision) by extension 'colcon_meta'
[0.254s] Level 1:colcon.colcon_core.package_identification:_identify(/home/marvin/ros2_ws/src/marvin_fabric/scripts/torch_fabrics/envs/assets/models/panda/meshes/collision) by extensions ['ros']
[0.254s] Level 1:colcon.colcon_core.package_identification:_identify(/home/marvin/ros2_ws/src/marvin_fabric/scripts/torch_fabrics/envs/assets/models/panda/meshes/collision) by extension 'ros'
[0.254s] Level 1:colcon.colcon_core.package_identification:_identify(/home/marvin/ros2_ws/src/marvin_fabric/scripts/torch_fabrics/envs/assets/models/panda/meshes/collision) by extensions ['cmake', 'python']
[0.254s] Level 1:colcon.colcon_core.package_identification:_identify(/home/marvin/ros2_ws/src/marvin_fabric/scripts/torch_fabrics/envs/assets/models/panda/meshes/collision) by extension 'cmake'
[0.254s] Level 1:colcon.colcon_core.package_identification:_identify(/home/marvin/ros2_ws/src/marvin_fabric/scripts/torch_fabrics/envs/assets/models/panda/meshes/collision) by extension 'python'
[0.255s] Level 1:colcon.colcon_core.package_identification:_identify(/home/marvin/ros2_ws/src/marvin_fabric/scripts/torch_fabrics/envs/assets/models/panda/meshes/collision) by extensions ['python_setup_py']
[0.255s] Level 1:colcon.colcon_core.package_identification:_identify(/home/marvin/ros2_ws/src/marvin_fabric/scripts/torch_fabrics/envs/assets/models/panda/meshes/collision) by extension 'python_setup_py'
[0.255s] Level 1:colcon.colcon_core.package_identification:_identify(/home/marvin/ros2_ws/src/marvin_fabric/scripts/torch_fabrics/envs/assets/models/panda/meshes/visual) by extensions ['ignore', 'ignore_ament_install']
[0.255s] Level 1:colcon.colcon_core.package_identification:_identify(/home/marvin/ros2_ws/src/marvin_fabric/scripts/torch_fabrics/envs/assets/models/panda/meshes/visual) by extension 'ignore'
[0.255s] Level 1:colcon.colcon_core.package_identification:_identify(/home/marvin/ros2_ws/src/marvin_fabric/scripts/torch_fabrics/envs/assets/models/panda/meshes/visual) by extension 'ignore_ament_install'
[0.255s] Level 1:colcon.colcon_core.package_identification:_identify(/home/marvin/ros2_ws/src/marvin_fabric/scripts/torch_fabrics/envs/assets/models/panda/meshes/visual) by extensions ['colcon_pkg']
[0.255s] Level 1:colcon.colcon_core.package_identification:_identify(/home/marvin/ros2_ws/src/marvin_fabric/scripts/torch_fabrics/envs/assets/models/panda/meshes/visual) by extension 'colcon_pkg'
[0.255s] Level 1:colcon.colcon_core.package_identification:_identify(/home/marvin/ros2_ws/src/marvin_fabric/scripts/torch_fabrics/envs/assets/models/panda/meshes/visual) by extensions ['colcon_meta']
[0.255s] Level 1:colcon.colcon_core.package_identification:_identify(/home/marvin/ros2_ws/src/marvin_fabric/scripts/torch_fabrics/envs/assets/models/panda/meshes/visual) by extension 'colcon_meta'
[0.255s] Level 1:colcon.colcon_core.package_identification:_identify(/home/marvin/ros2_ws/src/marvin_fabric/scripts/torch_fabrics/envs/assets/models/panda/meshes/visual) by extensions ['ros']
[0.255s] Level 1:colcon.colcon_core.package_identification:_identify(/home/marvin/ros2_ws/src/marvin_fabric/scripts/torch_fabrics/envs/assets/models/panda/meshes/visual) by extension 'ros'
[0.255s] Level 1:colcon.colcon_core.package_identification:_identify(/home/marvin/ros2_ws/src/marvin_fabric/scripts/torch_fabrics/envs/assets/models/panda/meshes/visual) by extensions ['cmake', 'python']
[0.255s] Level 1:colcon.colcon_core.package_identification:_identify(/home/marvin/ros2_ws/src/marvin_fabric/scripts/torch_fabrics/envs/assets/models/panda/meshes/visual) by extension 'cmake'
[0.255s] Level 1:colcon.colcon_core.package_identification:_identify(/home/marvin/ros2_ws/src/marvin_fabric/scripts/torch_fabrics/envs/assets/models/panda/meshes/visual) by extension 'python'
[0.256s] Level 1:colcon.colcon_core.package_identification:_identify(/home/marvin/ros2_ws/src/marvin_fabric/scripts/torch_fabrics/envs/assets/models/panda/meshes/visual) by extensions ['python_setup_py']
[0.256s] Level 1:colcon.colcon_core.package_identification:_identify(/home/marvin/ros2_ws/src/marvin_fabric/scripts/torch_fabrics/envs/assets/models/panda/meshes/visual) by extension 'python_setup_py'
[0.256s] Level 1:colcon.colcon_core.package_identification:_identify(/home/marvin/ros2_ws/src/marvin_fabric/scripts/torch_fabrics/envs/assets/models/panda/other) by extensions ['ignore', 'ignore_ament_install']
[0.256s] Level 1:colcon.colcon_core.package_identification:_identify(/home/marvin/ros2_ws/src/marvin_fabric/scripts/torch_fabrics/envs/assets/models/panda/other) by extension 'ignore'
[0.256s] Level 1:colcon.colcon_core.package_identification:_identify(/home/marvin/ros2_ws/src/marvin_fabric/scripts/torch_fabrics/envs/assets/models/panda/other) by extension 'ignore_ament_install'
[0.256s] Level 1:colcon.colcon_core.package_identification:_identify(/home/marvin/ros2_ws/src/marvin_fabric/scripts/torch_fabrics/envs/assets/models/panda/other) by extensions ['colcon_pkg']
[0.256s] Level 1:colcon.colcon_core.package_identification:_identify(/home/marvin/ros2_ws/src/marvin_fabric/scripts/torch_fabrics/envs/assets/models/panda/other) by extension 'colcon_pkg'
[0.256s] Level 1:colcon.colcon_core.package_identification:_identify(/home/marvin/ros2_ws/src/marvin_fabric/scripts/torch_fabrics/envs/assets/models/panda/other) by extensions ['colcon_meta']
[0.256s] Level 1:colcon.colcon_core.package_identification:_identify(/home/marvin/ros2_ws/src/marvin_fabric/scripts/torch_fabrics/envs/assets/models/panda/other) by extension 'colcon_meta'
[0.256s] Level 1:colcon.colcon_core.package_identification:_identify(/home/marvin/ros2_ws/src/marvin_fabric/scripts/torch_fabrics/envs/assets/models/panda/other) by extensions ['ros']
[0.256s] Level 1:colcon.colcon_core.package_identification:_identify(/home/marvin/ros2_ws/src/marvin_fabric/scripts/torch_fabrics/envs/assets/models/panda/other) by extension 'ros'
[0.256s] Level 1:colcon.colcon_core.package_identification:_identify(/home/marvin/ros2_ws/src/marvin_fabric/scripts/torch_fabrics/envs/assets/models/panda/other) by extensions ['cmake', 'python']
[0.256s] Level 1:colcon.colcon_core.package_identification:_identify(/home/marvin/ros2_ws/src/marvin_fabric/scripts/torch_fabrics/envs/assets/models/panda/other) by extension 'cmake'
[0.257s] Level 1:colcon.colcon_core.package_identification:_identify(/home/marvin/ros2_ws/src/marvin_fabric/scripts/torch_fabrics/envs/assets/models/panda/other) by extension 'python'
[0.257s] Level 1:colcon.colcon_core.package_identification:_identify(/home/marvin/ros2_ws/src/marvin_fabric/scripts/torch_fabrics/envs/assets/models/panda/other) by extensions ['python_setup_py']
[0.257s] Level 1:colcon.colcon_core.package_identification:_identify(/home/marvin/ros2_ws/src/marvin_fabric/scripts/torch_fabrics/envs/assets/models/panda/other) by extension 'python_setup_py'
[0.257s] Level 1:colcon.colcon_core.package_identification:_identify(/home/marvin/ros2_ws/src/marvin_fabric/scripts/torch_fabrics/envs/assets/models/panda/panda) by extensions ['ignore', 'ignore_ament_install']
[0.257s] Level 1:colcon.colcon_core.package_identification:_identify(/home/marvin/ros2_ws/src/marvin_fabric/scripts/torch_fabrics/envs/assets/models/panda/panda) by extension 'ignore'
[0.257s] Level 1:colcon.colcon_core.package_identification:_identify(/home/marvin/ros2_ws/src/marvin_fabric/scripts/torch_fabrics/envs/assets/models/panda/panda) by extension 'ignore_ament_install'
[0.257s] Level 1:colcon.colcon_core.package_identification:_identify(/home/marvin/ros2_ws/src/marvin_fabric/scripts/torch_fabrics/envs/assets/models/panda/panda) by extensions ['colcon_pkg']
[0.257s] Level 1:colcon.colcon_core.package_identification:_identify(/home/marvin/ros2_ws/src/marvin_fabric/scripts/torch_fabrics/envs/assets/models/panda/panda) by extension 'colcon_pkg'
[0.257s] Level 1:colcon.colcon_core.package_identification:_identify(/home/marvin/ros2_ws/src/marvin_fabric/scripts/torch_fabrics/envs/assets/models/panda/panda) by extensions ['colcon_meta']
[0.257s] Level 1:colcon.colcon_core.package_identification:_identify(/home/marvin/ros2_ws/src/marvin_fabric/scripts/torch_fabrics/envs/assets/models/panda/panda) by extension 'colcon_meta'
[0.257s] Level 1:colcon.colcon_core.package_identification:_identify(/home/marvin/ros2_ws/src/marvin_fabric/scripts/torch_fabrics/envs/assets/models/panda/panda) by extensions ['ros']
[0.257s] Level 1:colcon.colcon_core.package_identification:_identify(/home/marvin/ros2_ws/src/marvin_fabric/scripts/torch_fabrics/envs/assets/models/panda/panda) by extension 'ros'
[0.257s] Level 1:colcon.colcon_core.package_identification:_identify(/home/marvin/ros2_ws/src/marvin_fabric/scripts/torch_fabrics/envs/assets/models/panda/panda) by extensions ['cmake', 'python']
[0.257s] Level 1:colcon.colcon_core.package_identification:_identify(/home/marvin/ros2_ws/src/marvin_fabric/scripts/torch_fabrics/envs/assets/models/panda/panda) by extension 'cmake'
[0.257s] Level 1:colcon.colcon_core.package_identification:_identify(/home/marvin/ros2_ws/src/marvin_fabric/scripts/torch_fabrics/envs/assets/models/panda/panda) by extension 'python'
[0.257s] Level 1:colcon.colcon_core.package_identification:_identify(/home/marvin/ros2_ws/src/marvin_fabric/scripts/torch_fabrics/envs/assets/models/panda/panda) by extensions ['python_setup_py']
[0.257s] Level 1:colcon.colcon_core.package_identification:_identify(/home/marvin/ros2_ws/src/marvin_fabric/scripts/torch_fabrics/envs/assets/models/panda/panda) by extension 'python_setup_py'
[0.258s] Level 1:colcon.colcon_core.package_identification:_identify(/home/marvin/ros2_ws/src/marvin_fabric/scripts/torch_fabrics/envs/assets/models/panda/panda/actuators) by extensions ['ignore', 'ignore_ament_install']
[0.258s] Level 1:colcon.colcon_core.package_identification:_identify(/home/marvin/ros2_ws/src/marvin_fabric/scripts/torch_fabrics/envs/assets/models/panda/panda/actuators) by extension 'ignore'
[0.258s] Level 1:colcon.colcon_core.package_identification:_identify(/home/marvin/ros2_ws/src/marvin_fabric/scripts/torch_fabrics/envs/assets/models/panda/panda/actuators) by extension 'ignore_ament_install'
[0.258s] Level 1:colcon.colcon_core.package_identification:_identify(/home/marvin/ros2_ws/src/marvin_fabric/scripts/torch_fabrics/envs/assets/models/panda/panda/actuators) by extensions ['colcon_pkg']
[0.258s] Level 1:colcon.colcon_core.package_identification:_identify(/home/marvin/ros2_ws/src/marvin_fabric/scripts/torch_fabrics/envs/assets/models/panda/panda/actuators) by extension 'colcon_pkg'
[0.258s] Level 1:colcon.colcon_core.package_identification:_identify(/home/marvin/ros2_ws/src/marvin_fabric/scripts/torch_fabrics/envs/assets/models/panda/panda/actuators) by extensions ['colcon_meta']
[0.258s] Level 1:colcon.colcon_core.package_identification:_identify(/home/marvin/ros2_ws/src/marvin_fabric/scripts/torch_fabrics/envs/assets/models/panda/panda/actuators) by extension 'colcon_meta'
[0.258s] Level 1:colcon.colcon_core.package_identification:_identify(/home/marvin/ros2_ws/src/marvin_fabric/scripts/torch_fabrics/envs/assets/models/panda/panda/actuators) by extensions ['ros']
[0.258s] Level 1:colcon.colcon_core.package_identification:_identify(/home/marvin/ros2_ws/src/marvin_fabric/scripts/torch_fabrics/envs/assets/models/panda/panda/actuators) by extension 'ros'
[0.258s] Level 1:colcon.colcon_core.package_identification:_identify(/home/marvin/ros2_ws/src/marvin_fabric/scripts/torch_fabrics/envs/assets/models/panda/panda/actuators) by extensions ['cmake', 'python']
[0.258s] Level 1:colcon.colcon_core.package_identification:_identify(/home/marvin/ros2_ws/src/marvin_fabric/scripts/torch_fabrics/envs/assets/models/panda/panda/actuators) by extension 'cmake'
[0.259s] Level 1:colcon.colcon_core.package_identification:_identify(/home/marvin/ros2_ws/src/marvin_fabric/scripts/torch_fabrics/envs/assets/models/panda/panda/actuators) by extension 'python'
[0.259s] Level 1:colcon.colcon_core.package_identification:_identify(/home/marvin/ros2_ws/src/marvin_fabric/scripts/torch_fabrics/envs/assets/models/panda/panda/actuators) by extensions ['python_setup_py']
[0.259s] Level 1:colcon.colcon_core.package_identification:_identify(/home/marvin/ros2_ws/src/marvin_fabric/scripts/torch_fabrics/envs/assets/models/panda/panda/actuators) by extension 'python_setup_py'
[0.259s] Level 1:colcon.colcon_core.package_identification:_identify(/home/marvin/ros2_ws/src/marvin_fabric/scripts/torch_fabrics/envs/assets/models/panda/panda/sensors) by extensions ['ignore', 'ignore_ament_install']
[0.259s] Level 1:colcon.colcon_core.package_identification:_identify(/home/marvin/ros2_ws/src/marvin_fabric/scripts/torch_fabrics/envs/assets/models/panda/panda/sensors) by extension 'ignore'
[0.259s] Level 1:colcon.colcon_core.package_identification:_identify(/home/marvin/ros2_ws/src/marvin_fabric/scripts/torch_fabrics/envs/assets/models/panda/panda/sensors) by extension 'ignore_ament_install'
[0.259s] Level 1:colcon.colcon_core.package_identification:_identify(/home/marvin/ros2_ws/src/marvin_fabric/scripts/torch_fabrics/envs/assets/models/panda/panda/sensors) by extensions ['colcon_pkg']
[0.259s] Level 1:colcon.colcon_core.package_identification:_identify(/home/marvin/ros2_ws/src/marvin_fabric/scripts/torch_fabrics/envs/assets/models/panda/panda/sensors) by extension 'colcon_pkg'
[0.259s] Level 1:colcon.colcon_core.package_identification:_identify(/home/marvin/ros2_ws/src/marvin_fabric/scripts/torch_fabrics/envs/assets/models/panda/panda/sensors) by extensions ['colcon_meta']
[0.259s] Level 1:colcon.colcon_core.package_identification:_identify(/home/marvin/ros2_ws/src/marvin_fabric/scripts/torch_fabrics/envs/assets/models/panda/panda/sensors) by extension 'colcon_meta'
[0.259s] Level 1:colcon.colcon_core.package_identification:_identify(/home/marvin/ros2_ws/src/marvin_fabric/scripts/torch_fabrics/envs/assets/models/panda/panda/sensors) by extensions ['ros']
[0.259s] Level 1:colcon.colcon_core.package_identification:_identify(/home/marvin/ros2_ws/src/marvin_fabric/scripts/torch_fabrics/envs/assets/models/panda/panda/sensors) by extension 'ros'
[0.260s] Level 1:colcon.colcon_core.package_identification:_identify(/home/marvin/ros2_ws/src/marvin_fabric/scripts/torch_fabrics/envs/assets/models/panda/panda/sensors) by extensions ['cmake', 'python']
[0.260s] Level 1:colcon.colcon_core.package_identification:_identify(/home/marvin/ros2_ws/src/marvin_fabric/scripts/torch_fabrics/envs/assets/models/panda/panda/sensors) by extension 'cmake'
[0.260s] Level 1:colcon.colcon_core.package_identification:_identify(/home/marvin/ros2_ws/src/marvin_fabric/scripts/torch_fabrics/envs/assets/models/panda/panda/sensors) by extension 'python'
[0.260s] Level 1:colcon.colcon_core.package_identification:_identify(/home/marvin/ros2_ws/src/marvin_fabric/scripts/torch_fabrics/envs/assets/models/panda/panda/sensors) by extensions ['python_setup_py']
[0.260s] Level 1:colcon.colcon_core.package_identification:_identify(/home/marvin/ros2_ws/src/marvin_fabric/scripts/torch_fabrics/envs/assets/models/panda/panda/sensors) by extension 'python_setup_py'
[0.260s] Level 1:colcon.colcon_core.package_identification:_identify(/home/marvin/ros2_ws/src/marvin_fabric/scripts/torch_fabrics/envs/assets/models/pointmass) by extensions ['ignore', 'ignore_ament_install']
[0.260s] Level 1:colcon.colcon_core.package_identification:_identify(/home/marvin/ros2_ws/src/marvin_fabric/scripts/torch_fabrics/envs/assets/models/pointmass) by extension 'ignore'
[0.260s] Level 1:colcon.colcon_core.package_identification:_identify(/home/marvin/ros2_ws/src/marvin_fabric/scripts/torch_fabrics/envs/assets/models/pointmass) by extension 'ignore_ament_install'
[0.260s] Level 1:colcon.colcon_core.package_identification:_identify(/home/marvin/ros2_ws/src/marvin_fabric/scripts/torch_fabrics/envs/assets/models/pointmass) by extensions ['colcon_pkg']
[0.260s] Level 1:colcon.colcon_core.package_identification:_identify(/home/marvin/ros2_ws/src/marvin_fabric/scripts/torch_fabrics/envs/assets/models/pointmass) by extension 'colcon_pkg'
[0.260s] Level 1:colcon.colcon_core.package_identification:_identify(/home/marvin/ros2_ws/src/marvin_fabric/scripts/torch_fabrics/envs/assets/models/pointmass) by extensions ['colcon_meta']
[0.260s] Level 1:colcon.colcon_core.package_identification:_identify(/home/marvin/ros2_ws/src/marvin_fabric/scripts/torch_fabrics/envs/assets/models/pointmass) by extension 'colcon_meta'
[0.260s] Level 1:colcon.colcon_core.package_identification:_identify(/home/marvin/ros2_ws/src/marvin_fabric/scripts/torch_fabrics/envs/assets/models/pointmass) by extensions ['ros']
[0.260s] Level 1:colcon.colcon_core.package_identification:_identify(/home/marvin/ros2_ws/src/marvin_fabric/scripts/torch_fabrics/envs/assets/models/pointmass) by extension 'ros'
[0.261s] Level 1:colcon.colcon_core.package_identification:_identify(/home/marvin/ros2_ws/src/marvin_fabric/scripts/torch_fabrics/envs/assets/models/pointmass) by extensions ['cmake', 'python']
[0.261s] Level 1:colcon.colcon_core.package_identification:_identify(/home/marvin/ros2_ws/src/marvin_fabric/scripts/torch_fabrics/envs/assets/models/pointmass) by extension 'cmake'
[0.261s] Level 1:colcon.colcon_core.package_identification:_identify(/home/marvin/ros2_ws/src/marvin_fabric/scripts/torch_fabrics/envs/assets/models/pointmass) by extension 'python'
[0.261s] Level 1:colcon.colcon_core.package_identification:_identify(/home/marvin/ros2_ws/src/marvin_fabric/scripts/torch_fabrics/envs/assets/models/pointmass) by extensions ['python_setup_py']
[0.261s] Level 1:colcon.colcon_core.package_identification:_identify(/home/marvin/ros2_ws/src/marvin_fabric/scripts/torch_fabrics/envs/assets/models/pointmass) by extension 'python_setup_py'
[0.261s] Level 1:colcon.colcon_core.package_identification:_identify(/home/marvin/ros2_ws/src/marvin_fabric/scripts/world) by extensions ['ignore', 'ignore_ament_install']
[0.261s] Level 1:colcon.colcon_core.package_identification:_identify(/home/marvin/ros2_ws/src/marvin_fabric/scripts/world) by extension 'ignore'
[0.261s] Level 1:colcon.colcon_core.package_identification:_identify(/home/marvin/ros2_ws/src/marvin_fabric/scripts/world) by extension 'ignore_ament_install'
[0.261s] Level 1:colcon.colcon_core.package_identification:_identify(/home/marvin/ros2_ws/src/marvin_fabric/scripts/world) by extensions ['colcon_pkg']
[0.261s] Level 1:colcon.colcon_core.package_identification:_identify(/home/marvin/ros2_ws/src/marvin_fabric/scripts/world) by extension 'colcon_pkg'
[0.261s] Level 1:colcon.colcon_core.package_identification:_identify(/home/marvin/ros2_ws/src/marvin_fabric/scripts/world) by extensions ['colcon_meta']
[0.261s] Level 1:colcon.colcon_core.package_identification:_identify(/home/marvin/ros2_ws/src/marvin_fabric/scripts/world) by extension 'colcon_meta'
[0.261s] Level 1:colcon.colcon_core.package_identification:_identify(/home/marvin/ros2_ws/src/marvin_fabric/scripts/world) by extensions ['ros']
[0.261s] Level 1:colcon.colcon_core.package_identification:_identify(/home/marvin/ros2_ws/src/marvin_fabric/scripts/world) by extension 'ros'
[0.262s] Level 1:colcon.colcon_core.package_identification:_identify(/home/marvin/ros2_ws/src/marvin_fabric/scripts/world) by extensions ['cmake', 'python']
[0.262s] Level 1:colcon.colcon_core.package_identification:_identify(/home/marvin/ros2_ws/src/marvin_fabric/scripts/world) by extension 'cmake'
[0.262s] Level 1:colcon.colcon_core.package_identification:_identify(/home/marvin/ros2_ws/src/marvin_fabric/scripts/world) by extension 'python'
[0.262s] Level 1:colcon.colcon_core.package_identification:_identify(/home/marvin/ros2_ws/src/marvin_fabric/scripts/world) by extensions ['python_setup_py']
[0.262s] Level 1:colcon.colcon_core.package_identification:_identify(/home/marvin/ros2_ws/src/marvin_fabric/scripts/world) by extension 'python_setup_py'
[0.262s] Level 1:colcon.colcon_core.package_discovery:discover_packages(recursive) using defaults
